<?xml version="1.0" encoding="UTF-8"?>
<!-- Generated by org.testng.reporters.JUnitReportReporter -->
<testsuite hostname="INLEN8520043962" failures="0" tests="3" name="com.Framework.Test.LoginTest" time="16.702" errors="0" timestamp="30 Oct 2022 14:48:39 GMT" skipped="0">
  <testcase classname="com.Framework.Test.LoginTest" name="loginPageTitleValidation1" time="5.193"/>
  <testcase classname="com.Framework.Test.LoginTest" name="loginPageTitleValidation1" time="5.865"/>
  <testcase classname="com.Framework.Test.LoginTest" name="loginPageTitleValidation1" time="5.644"/>
</testsuite> <!-- com.Framework.Test.LoginTest -->
