<?xml version="1.0" encoding="UTF-8"?>
<!-- Generated by org.testng.reporters.JUnitReportReporter -->
<testsuite hostname="INLEN8520043962" failures="0" tests="1" name="com.Framework.Test.RegisterTest" time="3.815" errors="0" timestamp="30 Oct 2022 05:59:16 GMT" skipped="0">
  <testcase classname="com.Framework.Test.RegisterTest" name="loginPageTitleValidation" time="3.815"/>
</testsuite> <!-- com.Framework.Test.RegisterTest -->
